Tool arduino:dfu-util@0.11.0-arduino5 already installed
Tool esp32:esp-rv32@2511 already installed
Tool esp32:esp-x32@2511 already installed
Tool esp32:esp32-libs@3.3.7 already installed
Tool esp32:esp32c3-libs@3.3.7 already installed
Tool esp32:esp32c5-libs@3.3.7 already installed
Downloading packages...
esp32:esp32c6-libs@3.3.7 esp32:esp32c6-libs@3.3.7 already downloaded
esp32:esp32h2-libs@3.3.7 esp32:esp32h2-libs@3.3.7 already downloaded
esp32:esp32p4-libs@3.3.7 esp32:esp32p4-libs@3.3.7 already downloaded
esp32:esp32p4_es-libs@3.3.7 esp32:esp32p4_es-libs@3.3.7 already downloaded
esp32:esp32s2-libs@3.3.7 esp32:esp32s2-libs@3.3.7 already downloaded
esp32:esp32s3-libs@3.3.7 esp32:esp32s3-libs@3.3.7 already downloaded
esp32:esptool_py@5.1.0 esp32:esptool_py@5.1.0 already downloaded
esp32:mklittlefs@4.0.2-db0513a esp32:mklittlefs@4.0.2-db0513a already downloaded
esp32:mkspiffs@0.2.3 esp32:mkspiffs@0.2.3 already downloaded
esp32:openocd-esp32@v0.12.0-esp32-20251215 esp32:openocd-esp32@v0.12.0-esp32-20251215 already downloaded
esp32:riscv32-esp-elf-gdb@16.3_20250913 esp32:riscv32-esp-elf-gdb@16.3_20250913 already downloaded
esp32:xtensa-esp-elf-gdb@16.3_20250913 esp32:xtensa-esp-elf-gdb@16.3_20250913 already downloaded
esp32:esp32@3.3.7 esp32:esp32@3.3.7 already downloaded
Installing esp32:esp32c6-libs@3.3.7...
Skipping tool configuration....
esp32:esp32c6-libs@3.3.7 installed
Installing esp32:esp32h2-libs@3.3.7...
Skipping tool configuration....
esp32:esp32h2-libs@3.3.7 installed
Installing esp32:esp32p4-libs@3.3.7...
Skipping tool configuration....
esp32:esp32p4-libs@3.3.7 installed
Installing esp32:esp32p4_es-libs@3.3.7...
Skipping tool configuration....
esp32:esp32p4_es-libs@3.3.7 installed
Installing esp32:esp32s2-libs@3.3.7...
Skipping tool configuration....
esp32:esp32s2-libs@3.3.7 installed
Installing esp32:esp32s3-libs@3.3.7...
Skipping tool configuration....
esp32:esp32s3-libs@3.3.7 installed
Installing esp32:esptool_py@5.1.0...
Skipping tool configuration....
esp32:esptool_py@5.1.0 installed
Installing esp32:mklittlefs@4.0.2-db0513a...
Skipping tool configuration....
esp32:mklittlefs@4.0.2-db0513a installed
Installing esp32:mkspiffs@0.2.3...
Skipping tool configuration....
esp32:mkspiffs@0.2.3 installed
Installing esp32:openocd-esp32@v0.12.0-esp32-20251215...
Skipping tool configuration....
esp32:openocd-esp32@v0.12.0-esp32-20251215 installed
Installing esp32:riscv32-esp-elf-gdb@16.3_20250913...
Skipping tool configuration....
esp32:riscv32-esp-elf-gdb@16.3_20250913 installed
Installing esp32:xtensa-esp-elf-gdb@16.3_20250913...
Skipping tool configuration....
esp32:xtensa-esp-elf-gdb@16.3_20250913 installed
Installing platform esp32:esp32@3.3.7...
Skipping platform configuration....
Platform esp32:esp32@3.3.7 installed
